<acceptance-test-run title="1_2 Update values for added sportsman" name="1_2 Update values for added sportsman" steps="6" successful="5" failures="1" skipped="0" ignored="0" pending="0" result="FAILURE" duration="14467" timestamp="2015-08-27T10:57:58.860+03:00">
  <user-story id="Sportmens" name="Sportmens" path="stories/test1/Sportmens.story"/>
  <tags>
    <tag name="Test1" type="capability"/>
    <tag name="Sportmens" type="story"/>
  </tags>
  <test-group name="Given User opens Login Page and login to the base page" result="SUCCESS">
    <test-step result="SUCCESS" duration="836">
      <description>Login to site</description>
    </test-step>
  </test-group>
  <test-group name="When find current sportsman and edit with values:［&#xd;
| Region1 | FST1  | style | age    | year | cardAvailability  |&#xd;
| Kyivska | Kolos |  GR   | Senior | 2016 | Recieved          |］" result="SUCCESS">
    <test-step result="SUCCESS" duration="588">
      <description>Find sportsman: {Automation01}</description>
    </test-step>
    <test-step result="SUCCESS" duration="946">
      <description>Edit sportsman</description>
    </test-step>
    <test-step result="SUCCESS" duration="11447">
      <description>Add or edit data sportsman: {ExamplesTable[tableAsString=&#xd;
| Region1 | FST1  | style | age    | year | cardAvailability  |&#xd;
| Kyivska | Kolos |  GR   | Senior | 2016 | Recieved          |,headerSeparator=|,valueSeparator=|,ignorableSeparator=|--,parameterConverters=org.jbehave.core.steps.ParameterConverters@30cff762,tableTransformers=org.jbehave.core.model.TableTransformers@257a5bf7,headers=[Region1, FST1, style, age, year, cardAvailability],data=[{Region1=Kyivska, FST1=Kolos, style=GR, age=Senior, year=2016, cardAvailability=Recieved}],properties={headerSeparator=|, valueSeparator=|, ignorableSeparator=|--},propertiesAsString=,namedParameters={runScenario=},trim=true,defaults=org.jbehave.core.steps.ConvertedParameters@40ba533c]}</description>
    </test-step>
  </test-group>
  <test-group name="Then user finds added sportsmen and checks saved data" result="FAILURE">
    <screenshots>
      <screenshot image="screenshot-fa865adfd6358a1662c5d01f691f5eca507e202b8c15cc7ba1708b08479b3b6d2.png" source="screenshot-fa865adfd6358a1662c5d01f691f5eca507e202b8c15cc7ba1708b08479b3b6d2.html"/>
    </screenshots>
    <test-step result="SUCCESS" duration="317">
      <description>Find sportsman: {Automation01}</description>
    </test-step>
    <test-step result="FAILURE" duration="163">
      <description>Get text from cells</description>
      <error>Unspecified failure</error>
    </test-step>
  </test-group>
</acceptance-test-run>