-------------------------------------------------------------------------------
Test set: streamTvProject.test.AccceptanceTestSuite
-------------------------------------------------------------------------------
Tests run: 5, Failures: 1, Errors: 0, Skipped: 0, Time elapsed: 44.999 sec <<< FAILURE!
Then user finds added sportsmen and checks saved data(streamTvProject.test.SportsmenTest)  Time elapsed: 0.571 sec  <<< FAILURE!
java.lang.AssertionError: Data in the first record is not as expected
Expected: <[Automation01 Auto01 Automiddle, Kyrovogradska, Dinamo, Junior, FS]>
     but: was <[Automation01 Auto01 Automiddle, Kirovogradska, Dinamo, 2015, FS]>
	at org.hamcrest.MatcherAssert.assertThat(MatcherAssert.java:20)
	at streamTvProject.test.SportsmenTest.findSportsmanAndVerifyData(SportsmenTest.java:57)
	at sun.reflect.NativeMethodAccessorImpl.invoke0(Native Method)
	at sun.reflect.NativeMethodAccessorImpl.invoke(NativeMethodAccessorImpl.java:57)
	at sun.reflect.DelegatingMethodAccessorImpl.invoke(DelegatingMethodAccessorImpl.java:43)
	at java.lang.reflect.Method.invoke(Method.java:606)
	at org.jbehave.core.steps.StepCreator$ParameterisedStep.perform(StepCreator.java:550)
	at org.jbehave.core.embedder.StoryRunner$FineSoFar.run(StoryRunner.java:499)
	at org.jbehave.core.embedder.StoryRunner.runStepsWhileKeepingState(StoryRunner.java:479)
	at org.jbehave.core.embedder.StoryRunner.runScenarioSteps(StoryRunner.java:443)
	at org.jbehave.core.embedder.StoryRunner.runCancellable(StoryRunner.java:305)
	at org.jbehave.core.embedder.StoryRunner.run(StoryRunner.java:219)
	at org.jbehave.core.embedder.StoryRunner.run(StoryRunner.java:180)
	at org.jbehave.core.embedder.StoryManager$EnqueuedStory.call(StoryManager.java:229)
	at org.jbehave.core.embedder.StoryManager$EnqueuedStory.call(StoryManager.java:201)
	at java.util.concurrent.FutureTask.run(FutureTask.java:262)
	at java.util.concurrent.ThreadPoolExecutor.runWorker(ThreadPoolExecutor.java:1145)
	at java.util.concurrent.ThreadPoolExecutor$Worker.run(ThreadPoolExecutor.java:615)
	at java.lang.Thread.run(Thread.java:745)
