<?xml version="1.0" encoding="UTF-8" ?>
<testsuite failures="1" time="45.003" errors="0" skipped="0" tests="5" name="streamTvProject.test.AccceptanceTestSuite">
  <properties>
[...]
</properties>
  <testcase time="0.025" classname="java.lang.Object" name="BeforeStories"/>
  <testcase time="26.904" classname="streamTvProject.test.SportsmenTest" name="Given User opens Login Page and login to the base page"/>
  <testcase time="13.875" classname="streamTvProject.test.SportsmenTest" name="When add new sportsmen with data:\u002C "/>
  <testcase time="0.571" classname="streamTvProject.test.SportsmenTest" name="Then user finds added sportsmen and checks saved data">
    <failure message="Data in the first record is not as expected
Expected: &lt;[Automation01 Auto01 Automiddle, Kyrovogradska, Dinamo, Junior, FS]&gt;
     but: was &lt;[Automation01 Auto01 Automiddle, Kirovogradska, Dinamo, 2015, FS]&gt;" type="java.lang.AssertionError">java.lang.AssertionError: Data in the first record is not as expected
Expected: &lt;[Automation01 Auto01 Automiddle, Kyrovogradska, Dinamo, Junior, FS]&gt;
     but: was &lt;[Automation01 Auto01 Automiddle, Kirovogradska, Dinamo, 2015, FS]&gt;
	at org.hamcrest.MatcherAssert.assertThat(MatcherAssert.java:20)
	at streamTvProject.test.SportsmenTest.findSportsmanAndVerifyData(SportsmenTest.java:57)
	at sun.reflect.NativeMethodAccessorImpl.invoke0(Native Method)
	at sun.reflect.NativeMethodAccessorImpl.invoke(NativeMethodAccessorImpl.java:57)
	at sun.reflect.DelegatingMethodAccessorImpl.invoke(DelegatingMethodAccessorImpl.java:43)
	at java.lang.reflect.Method.invoke(Method.java:606)
	at org.jbehave.core.steps.StepCreator$ParameterisedStep.perform(StepCreator.java:550)
	at org.jbehave.core.embedder.StoryRunner$FineSoFar.run(StoryRunner.java:499)
	at org.jbehave.core.embedder.StoryRunner.runStepsWhileKeepingState(StoryRunner.java:479)
	at org.jbehave.core.embedder.StoryRunner.runScenarioSteps(StoryRunner.java:443)
	at org.jbehave.core.embedder.StoryRunner.runCancellable(StoryRunner.java:305)
	at org.jbehave.core.embedder.StoryRunner.run(StoryRunner.java:219)
	at org.jbehave.core.embedder.StoryRunner.run(StoryRunner.java:180)
	at org.jbehave.core.embedder.StoryManager$EnqueuedStory.call(StoryManager.java:229)
	at org.jbehave.core.embedder.StoryManager$EnqueuedStory.call(StoryManager.java:201)
	at java.util.concurrent.FutureTask.run(FutureTask.java:262)
	at java.util.concurrent.ThreadPoolExecutor.runWorker(ThreadPoolExecutor.java:1145)
	at java.util.concurrent.ThreadPoolExecutor$Worker.run(ThreadPoolExecutor.java:615)
	at java.lang.Thread.run(Thread.java:745)
</failure>
    <system-out>When add new sportsmen with data:
|lastName|firstName|middleName|birthDate|Region1|FST1|trainer1|style|age|year|cardAvailability|
|Automation01|Auto01|Automiddle|07-07-1987|Kyrovogradska|Dinamo|TheBestTrainer|FS|Junior|2015|Produced|

******************************************[Automation01 Auto01 Automiddle, Kirovogradska, Dinamo, 2015, FS]
</system-out>
    <system-err>41873 [pool-1-thread-1] INFO net.thucydides.core.steps.StepInterceptor - STARTING STEP: findSportsman
42268 [pool-1-thread-1] INFO net.thucydides.core.steps.StepInterceptor - STEP DONE: findSportsman
42271 [pool-1-thread-1] INFO net.thucydides.core.steps.StepInterceptor - STARTING STEP: getTextFromCells
42419 [pool-1-thread-1] INFO net.thucydides.core.steps.StepInterceptor - STEP DONE: getTextFromCells
</system-err>
  </testcase>
  <testcase time="0" classname="java.lang.Object" name="AfterStories"/>
</testsuite>